<< CAP LS
<< PASS caca
<< NICK dino
<< USER dino dino localhost :dino
>> :localhost 433 dino dino :Nickname is already in use.
<< NICK dino_
>> :!dino@localhost NICK dino_
>> :localhost 001 dino_ :Welcome to the Internet Relay Network :dino_!dino@localhost
<< MODE dino_ +i
<< WHOIS dino
>> :localhost 002 dino_ :Your host is ft_ircnul (localhost), running version 2.8
>> :localhost 004 dino_ localhost 2.8 io koitl ko
>> :localhost 005 dino_ CHANNELLEN=32 NICKLEN=9 TOPICLEN=307 :are supported by this server
>> :dino_ MODE dino_ :+i
<< PING localhost
>> :dino_!dino@localhost PONG localhost
--> lag pong
<< JOIN #mdr
>> :localhost 353 dino_ = #mdr :~dino_
>> :localhost 366 dino_ #mdr :End of /NAMES list.
<< MODE #mdr
>> dino JOIN :#mdr
>> :dino!dino@localhost PRIVMSG #mdr coucou
>> :dino!dino@localhost PRIVMSG #mdr youpi
>> :dino!dino@localhost PRIVMSG #mdr mDR
<< PRIVMSG #mdr :calut
>> :dino!dino@localhost PRIVMSG #mdr salut
<< PING localhost
>> :dino_!dino@localhost PONG localhost
--> FAILED whois
--> lag pong
<< PRIVMSG #mdr :ça va
>> :dino!dino@localhost PRIVMSG #mdr ça va et toi
<< PRIVMSG #mdr :tranquille
<< MODE #mdr +i
>> :localhost MODE #mdr +i
<< PING localhost
>> :dino_!dino@localhost PONG localhost
--> FAILED mode channel: chanquery abort
<< MODE #mdr
--> lag pong
